<?xml version="1.0" encoding="UTF-8"?>
<!-- Generated by org.testng.reporters.JUnitXMLReporter -->
<testsuite ignored="2" hostname="LAPTOP-A1J62A9F" failures="2" tests="2" name="SanityTesting(failed)" time="0.134" errors="0" timestamp="2022-07-26T23:35:37 IST">
  <testcase classname="TestNGSerial_ParralelEx1.SanityTesting" name="Build2" time="0.015">
    <failure type="java.lang.Error" message="Unresolved compilation problem: 
	This method requires a body instead of a semicolon
">
      <![CDATA[java.lang.Error: Unresolved compilation problem: 
This method requires a body instead of a semicolon

at TestNGSerial_ParralelEx1.SanityTesting.Build2(SanityTesting.java:13)
at java.base/java.util.ArrayList.forEach(ArrayList.java:1541)
... Removed 27 stack frames]]>
    </failure>
  </testcase> <!-- Build2 -->
  <testcase classname="TestNGSerial_ParralelEx1.SanityTesting" name="Build3" time="0.002">
    <failure type="java.lang.Error" message="Unresolved compilation problem: 
	This method requires a body instead of a semicolon
">
      <![CDATA[java.lang.Error: Unresolved compilation problem: 
This method requires a body instead of a semicolon

at TestNGSerial_ParralelEx1.SanityTesting.Build3(SanityTesting.java:18)
at java.base/java.util.ArrayList.forEach(ArrayList.java:1541)
... Removed 27 stack frames]]>
    </failure>
  </testcase> <!-- Build3 -->
  <testcase classname="TestNGSerial_ParralelEx1.SanityTesting" name="Build1" time="0.0">
    <ignored/>
  </testcase> <!-- Build1 -->
  <testcase classname="TestNGSerial_ParralelEx1.SanityTesting" name="Build4" time="0.0">
    <ignored/>
  </testcase> <!-- Build4 -->
</testsuite> <!-- SanityTesting(failed) -->
